

*******************************************************************************
Sun Nov  8 22:40:35 2020


FIT:    data read from filename
        format = z
        #datapoints = 116
        residuals are weighted equally (unit weight)

function used for fitting: p(x)
	p(x) = a * (x**alpha) * exp(-b*(x**beta))
fitted parameters initialized with current variable values

iter      chisq       delta/lim  lambda   a             b             alpha         beta         
   0 2.6370138931e+00   0.00e+00  2.00e-01    1.000000e+00   1.000000e+00   1.000000e+00   1.000000e+00
   8 3.5016336296e-04  -2.94e-01  2.00e-06    1.008837e+00   1.004452e+00   2.576743e-03   1.002905e+00

After 8 iterations the fit converged.
final sum of squares of residuals : 0.000350163
rel. change during last iteration : -2.94328e-06

degrees of freedom    (FIT_NDF)                        : 112
rms of residuals      (FIT_STDFIT) = sqrt(WSSR/ndf)    : 0.00176818
variance of residuals (reduced chisquare) = WSSR/ndf   : 3.12646e-06

Final set of parameters            Asymptotic Standard Error
=======================            ==========================
a               = 1.00884          +/- 0.01076      (1.066%)
b               = 1.00445          +/- 0.01147      (1.142%)
alpha           = 0.00257674       +/- 0.003316     (128.7%)
beta            = 1.0029           +/- 0.007361     (0.734%)

correlation matrix of the fit parameters:
                a      b      alpha  beta   
a               1.000 
b               0.994  1.000 
alpha           0.985  0.973  1.000 
beta           -0.959 -0.967 -0.918  1.000 


*******************************************************************************
Sun Nov  8 23:38:20 2020


FIT:    data read from filename
        format = z
        #datapoints = 116
        residuals are weighted equally (unit weight)

function used for fitting: p(x)
	p(x) = a * (x**alpha) * exp(-b*(x**beta))
fitted parameters initialized with current variable values

iter      chisq       delta/lim  lambda   a             b             alpha         beta         
   0 2.6370138931e+00   0.00e+00  2.00e-01    1.000000e+00   1.000000e+00   1.000000e+00   1.000000e+00
   8 3.5016336296e-04  -2.94e-01  2.00e-06    1.008837e+00   1.004452e+00   2.576743e-03   1.002905e+00

After 8 iterations the fit converged.
final sum of squares of residuals : 0.000350163
rel. change during last iteration : -2.94328e-06

degrees of freedom    (FIT_NDF)                        : 112
rms of residuals      (FIT_STDFIT) = sqrt(WSSR/ndf)    : 0.00176818
variance of residuals (reduced chisquare) = WSSR/ndf   : 3.12646e-06

Final set of parameters            Asymptotic Standard Error
=======================            ==========================
a               = 1.00884          +/- 0.01076      (1.066%)
b               = 1.00445          +/- 0.01147      (1.142%)
alpha           = 0.00257674       +/- 0.003316     (128.7%)
beta            = 1.0029           +/- 0.007361     (0.734%)

correlation matrix of the fit parameters:
                a      b      alpha  beta   
a               1.000 
b               0.994  1.000 
alpha           0.985  0.973  1.000 
beta           -0.959 -0.967 -0.918  1.000 


*******************************************************************************
Sun Nov  8 23:42:54 2020


FIT:    data read from filename
        format = z
        #datapoints = 116
        residuals are weighted equally (unit weight)

function used for fitting: p(x)
	p(x) = a * (x**alpha) * exp(-b*(x**beta))
fitted parameters initialized with current variable values

iter      chisq       delta/lim  lambda   a             b             alpha         beta         
   0 2.6370138931e+00   0.00e+00  2.00e-01    1.000000e+00   1.000000e+00   1.000000e+00   1.000000e+00
   8 3.5016336296e-04  -2.94e-01  2.00e-06    1.008837e+00   1.004452e+00   2.576743e-03   1.002905e+00

After 8 iterations the fit converged.
final sum of squares of residuals : 0.000350163
rel. change during last iteration : -2.94328e-06

degrees of freedom    (FIT_NDF)                        : 112
rms of residuals      (FIT_STDFIT) = sqrt(WSSR/ndf)    : 0.00176818
variance of residuals (reduced chisquare) = WSSR/ndf   : 3.12646e-06

Final set of parameters            Asymptotic Standard Error
=======================            ==========================
a               = 1.00884          +/- 0.01076      (1.066%)
b               = 1.00445          +/- 0.01147      (1.142%)
alpha           = 0.00257674       +/- 0.003316     (128.7%)
beta            = 1.0029           +/- 0.007361     (0.734%)

correlation matrix of the fit parameters:
                a      b      alpha  beta   
a               1.000 
b               0.994  1.000 
alpha           0.985  0.973  1.000 
beta           -0.959 -0.967 -0.918  1.000 


*******************************************************************************
Sun Nov  8 23:43:23 2020


FIT:    data read from filename
        format = z
        #datapoints = 116
        residuals are weighted equally (unit weight)

function used for fitting: p(x)
	p(x) = a * (x**alpha) * exp(-b*(x**beta))
fitted parameters initialized with current variable values

iter      chisq       delta/lim  lambda   a             b             alpha         beta         
   0 2.6370138931e+00   0.00e+00  2.00e-01    1.000000e+00   1.000000e+00   1.000000e+00   1.000000e+00
   8 3.5016336296e-04  -2.94e-01  2.00e-06    1.008837e+00   1.004452e+00   2.576743e-03   1.002905e+00

After 8 iterations the fit converged.
final sum of squares of residuals : 0.000350163
rel. change during last iteration : -2.94328e-06

degrees of freedom    (FIT_NDF)                        : 112
rms of residuals      (FIT_STDFIT) = sqrt(WSSR/ndf)    : 0.00176818
variance of residuals (reduced chisquare) = WSSR/ndf   : 3.12646e-06

Final set of parameters            Asymptotic Standard Error
=======================            ==========================
a               = 1.00884          +/- 0.01076      (1.066%)
b               = 1.00445          +/- 0.01147      (1.142%)
alpha           = 0.00257674       +/- 0.003316     (128.7%)
beta            = 1.0029           +/- 0.007361     (0.734%)

correlation matrix of the fit parameters:
                a      b      alpha  beta   
a               1.000 
b               0.994  1.000 
alpha           0.985  0.973  1.000 
beta           -0.959 -0.967 -0.918  1.000 


*******************************************************************************
Sun Nov  8 23:44:06 2020


FIT:    data read from filename
        format = z
        #datapoints = 116
        residuals are weighted equally (unit weight)

function used for fitting: p(x)
	p(x) = a * (x**alpha) * exp(-b*(x**beta))
fitted parameters initialized with current variable values

iter      chisq       delta/lim  lambda   a             b             alpha         beta         
   0 2.6370138931e+00   0.00e+00  2.00e-01    1.000000e+00   1.000000e+00   1.000000e+00   1.000000e+00
   8 3.5016336296e-04  -2.94e-01  2.00e-06    1.008837e+00   1.004452e+00   2.576743e-03   1.002905e+00

After 8 iterations the fit converged.
final sum of squares of residuals : 0.000350163
rel. change during last iteration : -2.94328e-06

degrees of freedom    (FIT_NDF)                        : 112
rms of residuals      (FIT_STDFIT) = sqrt(WSSR/ndf)    : 0.00176818
variance of residuals (reduced chisquare) = WSSR/ndf   : 3.12646e-06

Final set of parameters            Asymptotic Standard Error
=======================            ==========================
a               = 1.00884          +/- 0.01076      (1.066%)
b               = 1.00445          +/- 0.01147      (1.142%)
alpha           = 0.00257674       +/- 0.003316     (128.7%)
beta            = 1.0029           +/- 0.007361     (0.734%)

correlation matrix of the fit parameters:
                a      b      alpha  beta   
a               1.000 
b               0.994  1.000 
alpha           0.985  0.973  1.000 
beta           -0.959 -0.967 -0.918  1.000 


*******************************************************************************
Sun Nov  8 23:44:24 2020


FIT:    data read from filename
        format = z
        #datapoints = 116
        residuals are weighted equally (unit weight)

function used for fitting: p(x)
	p(x) = a * (x**alpha) * exp(-b*(x**beta))
fitted parameters initialized with current variable values

iter      chisq       delta/lim  lambda   a             b             alpha         beta         
   0 2.6370138931e+00   0.00e+00  2.00e-01    1.000000e+00   1.000000e+00   1.000000e+00   1.000000e+00
   8 3.5016336296e-04  -2.94e-01  2.00e-06    1.008837e+00   1.004452e+00   2.576743e-03   1.002905e+00

After 8 iterations the fit converged.
final sum of squares of residuals : 0.000350163
rel. change during last iteration : -2.94328e-06

degrees of freedom    (FIT_NDF)                        : 112
rms of residuals      (FIT_STDFIT) = sqrt(WSSR/ndf)    : 0.00176818
variance of residuals (reduced chisquare) = WSSR/ndf   : 3.12646e-06

Final set of parameters            Asymptotic Standard Error
=======================            ==========================
a               = 1.00884          +/- 0.01076      (1.066%)
b               = 1.00445          +/- 0.01147      (1.142%)
alpha           = 0.00257674       +/- 0.003316     (128.7%)
beta            = 1.0029           +/- 0.007361     (0.734%)

correlation matrix of the fit parameters:
                a      b      alpha  beta   
a               1.000 
b               0.994  1.000 
alpha           0.985  0.973  1.000 
beta           -0.959 -0.967 -0.918  1.000 


*******************************************************************************
Sun Nov  8 23:53:14 2020


FIT:    data read from filename
        format = z
        #datapoints = 116
        residuals are weighted equally (unit weight)

function used for fitting: p(x)
	p(x) = a * (x**alpha) * exp(-b*(x**beta))
fitted parameters initialized with current variable values

iter      chisq       delta/lim  lambda   a             b             alpha         beta         
   0 2.6370138931e+00   0.00e+00  2.00e-01    1.000000e+00   1.000000e+00   1.000000e+00   1.000000e+00
   8 3.5016336296e-04  -2.94e-01  2.00e-06    1.008837e+00   1.004452e+00   2.576743e-03   1.002905e+00

After 8 iterations the fit converged.
final sum of squares of residuals : 0.000350163
rel. change during last iteration : -2.94328e-06

degrees of freedom    (FIT_NDF)                        : 112
rms of residuals      (FIT_STDFIT) = sqrt(WSSR/ndf)    : 0.00176818
variance of residuals (reduced chisquare) = WSSR/ndf   : 3.12646e-06

Final set of parameters            Asymptotic Standard Error
=======================            ==========================
a               = 1.00884          +/- 0.01076      (1.066%)
b               = 1.00445          +/- 0.01147      (1.142%)
alpha           = 0.00257674       +/- 0.003316     (128.7%)
beta            = 1.0029           +/- 0.007361     (0.734%)

correlation matrix of the fit parameters:
                a      b      alpha  beta   
a               1.000 
b               0.994  1.000 
alpha           0.985  0.973  1.000 
beta           -0.959 -0.967 -0.918  1.000 


*******************************************************************************
Sun Nov  8 23:54:11 2020


FIT:    data read from filename
        format = z
        #datapoints = 116
        residuals are weighted equally (unit weight)

function used for fitting: p(x)
	p(x) = a * (x**alpha) * exp(-b*(x**beta))
fitted parameters initialized with current variable values

iter      chisq       delta/lim  lambda   a             b             alpha         beta         
   0 2.6370138931e+00   0.00e+00  2.00e-01    1.000000e+00   1.000000e+00   1.000000e+00   1.000000e+00
   8 3.5016336296e-04  -2.94e-01  2.00e-06    1.008837e+00   1.004452e+00   2.576743e-03   1.002905e+00

After 8 iterations the fit converged.
final sum of squares of residuals : 0.000350163
rel. change during last iteration : -2.94328e-06

degrees of freedom    (FIT_NDF)                        : 112
rms of residuals      (FIT_STDFIT) = sqrt(WSSR/ndf)    : 0.00176818
variance of residuals (reduced chisquare) = WSSR/ndf   : 3.12646e-06

Final set of parameters            Asymptotic Standard Error
=======================            ==========================
a               = 1.00884          +/- 0.01076      (1.066%)
b               = 1.00445          +/- 0.01147      (1.142%)
alpha           = 0.00257674       +/- 0.003316     (128.7%)
beta            = 1.0029           +/- 0.007361     (0.734%)

correlation matrix of the fit parameters:
                a      b      alpha  beta   
a               1.000 
b               0.994  1.000 
alpha           0.985  0.973  1.000 
beta           -0.959 -0.967 -0.918  1.000 


*******************************************************************************
Sun Nov  8 23:54:54 2020


FIT:    data read from filename
        format = z
        #datapoints = 116
        residuals are weighted equally (unit weight)

function used for fitting: p(x)
	p(x) = a * (x**alpha) * exp(-b*(x**beta))
fitted parameters initialized with current variable values

iter      chisq       delta/lim  lambda   a             b             alpha         beta         
   0 2.6370138931e+00   0.00e+00  2.00e-01    1.000000e+00   1.000000e+00   1.000000e+00   1.000000e+00
   8 3.5016336296e-04  -2.94e-01  2.00e-06    1.008837e+00   1.004452e+00   2.576743e-03   1.002905e+00

After 8 iterations the fit converged.
final sum of squares of residuals : 0.000350163
rel. change during last iteration : -2.94328e-06

degrees of freedom    (FIT_NDF)                        : 112
rms of residuals      (FIT_STDFIT) = sqrt(WSSR/ndf)    : 0.00176818
variance of residuals (reduced chisquare) = WSSR/ndf   : 3.12646e-06

Final set of parameters            Asymptotic Standard Error
=======================            ==========================
a               = 1.00884          +/- 0.01076      (1.066%)
b               = 1.00445          +/- 0.01147      (1.142%)
alpha           = 0.00257674       +/- 0.003316     (128.7%)
beta            = 1.0029           +/- 0.007361     (0.734%)

correlation matrix of the fit parameters:
                a      b      alpha  beta   
a               1.000 
b               0.994  1.000 
alpha           0.985  0.973  1.000 
beta           -0.959 -0.967 -0.918  1.000 


*******************************************************************************
Sun Nov  8 23:57:41 2020


FIT:    data read from filename
        format = z
        #datapoints = 116
        residuals are weighted equally (unit weight)

function used for fitting: p(x)
	p(x) = a * (x**alpha) * exp(-b*(x**beta))
fitted parameters initialized with current variable values

iter      chisq       delta/lim  lambda   a             b             alpha         beta         
   0 2.6370138931e+00   0.00e+00  2.00e-01    1.000000e+00   1.000000e+00   1.000000e+00   1.000000e+00
   8 3.5016336296e-04  -2.94e-01  2.00e-06    1.008837e+00   1.004452e+00   2.576743e-03   1.002905e+00

After 8 iterations the fit converged.
final sum of squares of residuals : 0.000350163
rel. change during last iteration : -2.94328e-06

degrees of freedom    (FIT_NDF)                        : 112
rms of residuals      (FIT_STDFIT) = sqrt(WSSR/ndf)    : 0.00176818
variance of residuals (reduced chisquare) = WSSR/ndf   : 3.12646e-06

Final set of parameters            Asymptotic Standard Error
=======================            ==========================
a               = 1.00884          +/- 0.01076      (1.066%)
b               = 1.00445          +/- 0.01147      (1.142%)
alpha           = 0.00257674       +/- 0.003316     (128.7%)
beta            = 1.0029           +/- 0.007361     (0.734%)

correlation matrix of the fit parameters:
                a      b      alpha  beta   
a               1.000 
b               0.994  1.000 
alpha           0.985  0.973  1.000 
beta           -0.959 -0.967 -0.918  1.000 


*******************************************************************************
Mon Nov  9 00:01:24 2020


FIT:    data read from filename
        format = z
        #datapoints = 116
        residuals are weighted equally (unit weight)

function used for fitting: p(x)
	p(x) = a * (x**alpha) * exp(-b*(x**beta))
fitted parameters initialized with current variable values

iter      chisq       delta/lim  lambda   a             b             alpha         beta         
   0 2.6370138931e+00   0.00e+00  2.00e-01    1.000000e+00   1.000000e+00   1.000000e+00   1.000000e+00
   8 3.5016336296e-04  -2.94e-01  2.00e-06    1.008837e+00   1.004452e+00   2.576743e-03   1.002905e+00

After 8 iterations the fit converged.
final sum of squares of residuals : 0.000350163
rel. change during last iteration : -2.94328e-06

degrees of freedom    (FIT_NDF)                        : 112
rms of residuals      (FIT_STDFIT) = sqrt(WSSR/ndf)    : 0.00176818
variance of residuals (reduced chisquare) = WSSR/ndf   : 3.12646e-06

Final set of parameters            Asymptotic Standard Error
=======================            ==========================
a               = 1.00884          +/- 0.01076      (1.066%)
b               = 1.00445          +/- 0.01147      (1.142%)
alpha           = 0.00257674       +/- 0.003316     (128.7%)
beta            = 1.0029           +/- 0.007361     (0.734%)

correlation matrix of the fit parameters:
                a      b      alpha  beta   
a               1.000 
b               0.994  1.000 
alpha           0.985  0.973  1.000 
beta           -0.959 -0.967 -0.918  1.000 


*******************************************************************************
Mon Nov  9 00:02:57 2020


FIT:    data read from filename
        format = z
        #datapoints = 116
        residuals are weighted equally (unit weight)

function used for fitting: p(x)
	p(x) = a * (x**alpha) * exp(-b*(x**beta))
fitted parameters initialized with current variable values

iter      chisq       delta/lim  lambda   a             b             alpha         beta         
   0 2.6370138931e+00   0.00e+00  2.00e-01    1.000000e+00   1.000000e+00   1.000000e+00   1.000000e+00
   8 3.5016336296e-04  -2.94e-01  2.00e-06    1.008837e+00   1.004452e+00   2.576743e-03   1.002905e+00

After 8 iterations the fit converged.
final sum of squares of residuals : 0.000350163
rel. change during last iteration : -2.94328e-06

degrees of freedom    (FIT_NDF)                        : 112
rms of residuals      (FIT_STDFIT) = sqrt(WSSR/ndf)    : 0.00176818
variance of residuals (reduced chisquare) = WSSR/ndf   : 3.12646e-06

Final set of parameters            Asymptotic Standard Error
=======================            ==========================
a               = 1.00884          +/- 0.01076      (1.066%)
b               = 1.00445          +/- 0.01147      (1.142%)
alpha           = 0.00257674       +/- 0.003316     (128.7%)
beta            = 1.0029           +/- 0.007361     (0.734%)

correlation matrix of the fit parameters:
                a      b      alpha  beta   
a               1.000 
b               0.994  1.000 
alpha           0.985  0.973  1.000 
beta           -0.959 -0.967 -0.918  1.000 


*******************************************************************************
Mon Nov  9 00:04:08 2020


FIT:    data read from filename
        format = z
        #datapoints = 116
        residuals are weighted equally (unit weight)

function used for fitting: p(x)
	p(x) = a * (x**alpha) * exp(-b*(x**beta))
fitted parameters initialized with current variable values

iter      chisq       delta/lim  lambda   a             b             alpha         beta         
   0 2.6370138931e+00   0.00e+00  2.00e-01    1.000000e+00   1.000000e+00   1.000000e+00   1.000000e+00
   8 3.5016336296e-04  -2.94e-01  2.00e-06    1.008837e+00   1.004452e+00   2.576743e-03   1.002905e+00

After 8 iterations the fit converged.
final sum of squares of residuals : 0.000350163
rel. change during last iteration : -2.94328e-06

degrees of freedom    (FIT_NDF)                        : 112
rms of residuals      (FIT_STDFIT) = sqrt(WSSR/ndf)    : 0.00176818
variance of residuals (reduced chisquare) = WSSR/ndf   : 3.12646e-06

Final set of parameters            Asymptotic Standard Error
=======================            ==========================
a               = 1.00884          +/- 0.01076      (1.066%)
b               = 1.00445          +/- 0.01147      (1.142%)
alpha           = 0.00257674       +/- 0.003316     (128.7%)
beta            = 1.0029           +/- 0.007361     (0.734%)

correlation matrix of the fit parameters:
                a      b      alpha  beta   
a               1.000 
b               0.994  1.000 
alpha           0.985  0.973  1.000 
beta           -0.959 -0.967 -0.918  1.000 


*******************************************************************************
Mon Nov  9 00:04:30 2020


FIT:    data read from filename
        format = z
        #datapoints = 116
        residuals are weighted equally (unit weight)

function used for fitting: p(x)
	p(x) = a * (x**alpha) * exp(-b*(x**beta))
fitted parameters initialized with current variable values

iter      chisq       delta/lim  lambda   a             b             alpha         beta         
   0 2.6370138931e+00   0.00e+00  2.00e-01    1.000000e+00   1.000000e+00   1.000000e+00   1.000000e+00
   8 3.5016336296e-04  -2.94e-01  2.00e-06    1.008837e+00   1.004452e+00   2.576743e-03   1.002905e+00

After 8 iterations the fit converged.
final sum of squares of residuals : 0.000350163
rel. change during last iteration : -2.94328e-06

degrees of freedom    (FIT_NDF)                        : 112
rms of residuals      (FIT_STDFIT) = sqrt(WSSR/ndf)    : 0.00176818
variance of residuals (reduced chisquare) = WSSR/ndf   : 3.12646e-06

Final set of parameters            Asymptotic Standard Error
=======================            ==========================
a               = 1.00884          +/- 0.01076      (1.066%)
b               = 1.00445          +/- 0.01147      (1.142%)
alpha           = 0.00257674       +/- 0.003316     (128.7%)
beta            = 1.0029           +/- 0.007361     (0.734%)

correlation matrix of the fit parameters:
                a      b      alpha  beta   
a               1.000 
b               0.994  1.000 
alpha           0.985  0.973  1.000 
beta           -0.959 -0.967 -0.918  1.000 


*******************************************************************************
Mon Nov  9 00:05:10 2020


FIT:    data read from filename
        format = z
        #datapoints = 116
        residuals are weighted equally (unit weight)

function used for fitting: p(x)
	p(x) = a * (x**alpha) * exp(-b*(x**beta))
fitted parameters initialized with current variable values

iter      chisq       delta/lim  lambda   a             b             alpha         beta         
   0 2.6370138931e+00   0.00e+00  2.00e-01    1.000000e+00   1.000000e+00   1.000000e+00   1.000000e+00
   8 3.5016336296e-04  -2.94e-01  2.00e-06    1.008837e+00   1.004452e+00   2.576743e-03   1.002905e+00

After 8 iterations the fit converged.
final sum of squares of residuals : 0.000350163
rel. change during last iteration : -2.94328e-06

degrees of freedom    (FIT_NDF)                        : 112
rms of residuals      (FIT_STDFIT) = sqrt(WSSR/ndf)    : 0.00176818
variance of residuals (reduced chisquare) = WSSR/ndf   : 3.12646e-06

Final set of parameters            Asymptotic Standard Error
=======================            ==========================
a               = 1.00884          +/- 0.01076      (1.066%)
b               = 1.00445          +/- 0.01147      (1.142%)
alpha           = 0.00257674       +/- 0.003316     (128.7%)
beta            = 1.0029           +/- 0.007361     (0.734%)

correlation matrix of the fit parameters:
                a      b      alpha  beta   
a               1.000 
b               0.994  1.000 
alpha           0.985  0.973  1.000 
beta           -0.959 -0.967 -0.918  1.000 


*******************************************************************************
Mon Nov  9 00:05:30 2020


FIT:    data read from filename
        format = z
        #datapoints = 116
        residuals are weighted equally (unit weight)

function used for fitting: p(x)
	p(x) = a * (x**alpha) * exp(-b*(x**beta))
fitted parameters initialized with current variable values

iter      chisq       delta/lim  lambda   a             b             alpha         beta         
   0 2.6370138931e+00   0.00e+00  2.00e-01    1.000000e+00   1.000000e+00   1.000000e+00   1.000000e+00
   8 3.5016336296e-04  -2.94e-01  2.00e-06    1.008837e+00   1.004452e+00   2.576743e-03   1.002905e+00

After 8 iterations the fit converged.
final sum of squares of residuals : 0.000350163
rel. change during last iteration : -2.94328e-06

degrees of freedom    (FIT_NDF)                        : 112
rms of residuals      (FIT_STDFIT) = sqrt(WSSR/ndf)    : 0.00176818
variance of residuals (reduced chisquare) = WSSR/ndf   : 3.12646e-06

Final set of parameters            Asymptotic Standard Error
=======================            ==========================
a               = 1.00884          +/- 0.01076      (1.066%)
b               = 1.00445          +/- 0.01147      (1.142%)
alpha           = 0.00257674       +/- 0.003316     (128.7%)
beta            = 1.0029           +/- 0.007361     (0.734%)

correlation matrix of the fit parameters:
                a      b      alpha  beta   
a               1.000 
b               0.994  1.000 
alpha           0.985  0.973  1.000 
beta           -0.959 -0.967 -0.918  1.000 


*******************************************************************************
Mon Nov  9 00:24:17 2020


FIT:    data read from filename
        format = z
        #datapoints = 116
        residuals are weighted equally (unit weight)

function used for fitting: p(x)
	p(x) = a * (x**alpha) * exp(-b*(x**beta))
fitted parameters initialized with current variable values

iter      chisq       delta/lim  lambda   a             b             alpha         beta         
   0 2.6370138931e+00   0.00e+00  2.00e-01    1.000000e+00   1.000000e+00   1.000000e+00   1.000000e+00
   8 3.5016336296e-04  -2.94e-01  2.00e-06    1.008837e+00   1.004452e+00   2.576743e-03   1.002905e+00

After 8 iterations the fit converged.
final sum of squares of residuals : 0.000350163
rel. change during last iteration : -2.94328e-06

degrees of freedom    (FIT_NDF)                        : 112
rms of residuals      (FIT_STDFIT) = sqrt(WSSR/ndf)    : 0.00176818
variance of residuals (reduced chisquare) = WSSR/ndf   : 3.12646e-06

Final set of parameters            Asymptotic Standard Error
=======================            ==========================
a               = 1.00884          +/- 0.01076      (1.066%)
b               = 1.00445          +/- 0.01147      (1.142%)
alpha           = 0.00257674       +/- 0.003316     (128.7%)
beta            = 1.0029           +/- 0.007361     (0.734%)

correlation matrix of the fit parameters:
                a      b      alpha  beta   
a               1.000 
b               0.994  1.000 
alpha           0.985  0.973  1.000 
beta           -0.959 -0.967 -0.918  1.000 
