

*******************************************************************************
Sun Nov  8 22:40:35 2020


FIT:    data read from filename
        format = z
        #datapoints = 116
        residuals are weighted equally (unit weight)

function used for fitting: p(x)
	p(x) = a * (x**alpha) * exp(-b*(x**beta))
fitted parameters initialized with current variable values

iter      chisq       delta/lim  lambda   a             b             alpha         beta         
   0 2.2283508254e+00   0.00e+00  1.85e-01    1.000000e+00   1.000000e+00   1.000000e+00   1.000000e+00
   8 2.3047141798e-04  -1.21e-01  1.85e-06    1.018933e+00   1.018961e+00   5.412756e-03   9.898882e-01

After 8 iterations the fit converged.
final sum of squares of residuals : 0.000230471
rel. change during last iteration : -1.20592e-06

degrees of freedom    (FIT_NDF)                        : 112
rms of residuals      (FIT_STDFIT) = sqrt(WSSR/ndf)    : 0.0014345
variance of residuals (reduced chisquare) = WSSR/ndf   : 2.05778e-06

Final set of parameters            Asymptotic Standard Error
=======================            ==========================
a               = 1.01893          +/- 0.01053      (1.033%)
b               = 1.01896          +/- 0.01105      (1.084%)
alpha           = 0.00541276       +/- 0.003244     (59.93%)
beta            = 0.989888         +/- 0.006781     (0.685%)

correlation matrix of the fit parameters:
                a      b      alpha  beta   
a               1.000 
b               0.995  1.000 
alpha           0.987  0.977  1.000 
beta           -0.963 -0.971 -0.926  1.000 


*******************************************************************************
Sun Nov  8 23:38:20 2020


FIT:    data read from filename
        format = z
        #datapoints = 116
        residuals are weighted equally (unit weight)

function used for fitting: p(x)
	p(x) = a * (x**alpha) * exp(-b*(x**beta))
fitted parameters initialized with current variable values

iter      chisq       delta/lim  lambda   a             b             alpha         beta         
   0 2.2283508254e+00   0.00e+00  1.85e-01    1.000000e+00   1.000000e+00   1.000000e+00   1.000000e+00
   8 2.3047141798e-04  -1.21e-01  1.85e-06    1.018933e+00   1.018961e+00   5.412756e-03   9.898882e-01

After 8 iterations the fit converged.
final sum of squares of residuals : 0.000230471
rel. change during last iteration : -1.20592e-06

degrees of freedom    (FIT_NDF)                        : 112
rms of residuals      (FIT_STDFIT) = sqrt(WSSR/ndf)    : 0.0014345
variance of residuals (reduced chisquare) = WSSR/ndf   : 2.05778e-06

Final set of parameters            Asymptotic Standard Error
=======================            ==========================
a               = 1.01893          +/- 0.01053      (1.033%)
b               = 1.01896          +/- 0.01105      (1.084%)
alpha           = 0.00541276       +/- 0.003244     (59.93%)
beta            = 0.989888         +/- 0.006781     (0.685%)

correlation matrix of the fit parameters:
                a      b      alpha  beta   
a               1.000 
b               0.995  1.000 
alpha           0.987  0.977  1.000 
beta           -0.963 -0.971 -0.926  1.000 


*******************************************************************************
Sun Nov  8 23:42:54 2020


FIT:    data read from filename
        format = z
        #datapoints = 116
        residuals are weighted equally (unit weight)

function used for fitting: p(x)
	p(x) = a * (x**alpha) * exp(-b*(x**beta))
fitted parameters initialized with current variable values

iter      chisq       delta/lim  lambda   a             b             alpha         beta         
   0 2.2283508254e+00   0.00e+00  1.85e-01    1.000000e+00   1.000000e+00   1.000000e+00   1.000000e+00
   8 2.3047141798e-04  -1.21e-01  1.85e-06    1.018933e+00   1.018961e+00   5.412756e-03   9.898882e-01

After 8 iterations the fit converged.
final sum of squares of residuals : 0.000230471
rel. change during last iteration : -1.20592e-06

degrees of freedom    (FIT_NDF)                        : 112
rms of residuals      (FIT_STDFIT) = sqrt(WSSR/ndf)    : 0.0014345
variance of residuals (reduced chisquare) = WSSR/ndf   : 2.05778e-06

Final set of parameters            Asymptotic Standard Error
=======================            ==========================
a               = 1.01893          +/- 0.01053      (1.033%)
b               = 1.01896          +/- 0.01105      (1.084%)
alpha           = 0.00541276       +/- 0.003244     (59.93%)
beta            = 0.989888         +/- 0.006781     (0.685%)

correlation matrix of the fit parameters:
                a      b      alpha  beta   
a               1.000 
b               0.995  1.000 
alpha           0.987  0.977  1.000 
beta           -0.963 -0.971 -0.926  1.000 


*******************************************************************************
Sun Nov  8 23:43:23 2020


FIT:    data read from filename
        format = z
        #datapoints = 116
        residuals are weighted equally (unit weight)

function used for fitting: p(x)
	p(x) = a * (x**alpha) * exp(-b*(x**beta))
fitted parameters initialized with current variable values

iter      chisq       delta/lim  lambda   a             b             alpha         beta         
   0 2.2283508254e+00   0.00e+00  1.85e-01    1.000000e+00   1.000000e+00   1.000000e+00   1.000000e+00
   8 2.3047141798e-04  -1.21e-01  1.85e-06    1.018933e+00   1.018961e+00   5.412756e-03   9.898882e-01

After 8 iterations the fit converged.
final sum of squares of residuals : 0.000230471
rel. change during last iteration : -1.20592e-06

degrees of freedom    (FIT_NDF)                        : 112
rms of residuals      (FIT_STDFIT) = sqrt(WSSR/ndf)    : 0.0014345
variance of residuals (reduced chisquare) = WSSR/ndf   : 2.05778e-06

Final set of parameters            Asymptotic Standard Error
=======================            ==========================
a               = 1.01893          +/- 0.01053      (1.033%)
b               = 1.01896          +/- 0.01105      (1.084%)
alpha           = 0.00541276       +/- 0.003244     (59.93%)
beta            = 0.989888         +/- 0.006781     (0.685%)

correlation matrix of the fit parameters:
                a      b      alpha  beta   
a               1.000 
b               0.995  1.000 
alpha           0.987  0.977  1.000 
beta           -0.963 -0.971 -0.926  1.000 


*******************************************************************************
Sun Nov  8 23:44:06 2020


FIT:    data read from filename
        format = z
        #datapoints = 116
        residuals are weighted equally (unit weight)

function used for fitting: p(x)
	p(x) = a * (x**alpha) * exp(-b*(x**beta))
fitted parameters initialized with current variable values

iter      chisq       delta/lim  lambda   a             b             alpha         beta         
   0 2.2283508254e+00   0.00e+00  1.85e-01    1.000000e+00   1.000000e+00   1.000000e+00   1.000000e+00
   8 2.3047141798e-04  -1.21e-01  1.85e-06    1.018933e+00   1.018961e+00   5.412756e-03   9.898882e-01

After 8 iterations the fit converged.
final sum of squares of residuals : 0.000230471
rel. change during last iteration : -1.20592e-06

degrees of freedom    (FIT_NDF)                        : 112
rms of residuals      (FIT_STDFIT) = sqrt(WSSR/ndf)    : 0.0014345
variance of residuals (reduced chisquare) = WSSR/ndf   : 2.05778e-06

Final set of parameters            Asymptotic Standard Error
=======================            ==========================
a               = 1.01893          +/- 0.01053      (1.033%)
b               = 1.01896          +/- 0.01105      (1.084%)
alpha           = 0.00541276       +/- 0.003244     (59.93%)
beta            = 0.989888         +/- 0.006781     (0.685%)

correlation matrix of the fit parameters:
                a      b      alpha  beta   
a               1.000 
b               0.995  1.000 
alpha           0.987  0.977  1.000 
beta           -0.963 -0.971 -0.926  1.000 


*******************************************************************************
Sun Nov  8 23:44:24 2020


FIT:    data read from filename
        format = z
        #datapoints = 116
        residuals are weighted equally (unit weight)

function used for fitting: p(x)
	p(x) = a * (x**alpha) * exp(-b*(x**beta))
fitted parameters initialized with current variable values

iter      chisq       delta/lim  lambda   a             b             alpha         beta         
   0 2.2283508254e+00   0.00e+00  1.85e-01    1.000000e+00   1.000000e+00   1.000000e+00   1.000000e+00
   8 2.3047141798e-04  -1.21e-01  1.85e-06    1.018933e+00   1.018961e+00   5.412756e-03   9.898882e-01

After 8 iterations the fit converged.
final sum of squares of residuals : 0.000230471
rel. change during last iteration : -1.20592e-06

degrees of freedom    (FIT_NDF)                        : 112
rms of residuals      (FIT_STDFIT) = sqrt(WSSR/ndf)    : 0.0014345
variance of residuals (reduced chisquare) = WSSR/ndf   : 2.05778e-06

Final set of parameters            Asymptotic Standard Error
=======================            ==========================
a               = 1.01893          +/- 0.01053      (1.033%)
b               = 1.01896          +/- 0.01105      (1.084%)
alpha           = 0.00541276       +/- 0.003244     (59.93%)
beta            = 0.989888         +/- 0.006781     (0.685%)

correlation matrix of the fit parameters:
                a      b      alpha  beta   
a               1.000 
b               0.995  1.000 
alpha           0.987  0.977  1.000 
beta           -0.963 -0.971 -0.926  1.000 


*******************************************************************************
Sun Nov  8 23:53:14 2020


FIT:    data read from filename
        format = z
        #datapoints = 116
        residuals are weighted equally (unit weight)

function used for fitting: p(x)
	p(x) = a * (x**alpha) * exp(-b*(x**beta))
fitted parameters initialized with current variable values

iter      chisq       delta/lim  lambda   a             b             alpha         beta         
   0 2.2283508254e+00   0.00e+00  1.85e-01    1.000000e+00   1.000000e+00   1.000000e+00   1.000000e+00
   8 2.3047141798e-04  -1.21e-01  1.85e-06    1.018933e+00   1.018961e+00   5.412756e-03   9.898882e-01

After 8 iterations the fit converged.
final sum of squares of residuals : 0.000230471
rel. change during last iteration : -1.20592e-06

degrees of freedom    (FIT_NDF)                        : 112
rms of residuals      (FIT_STDFIT) = sqrt(WSSR/ndf)    : 0.0014345
variance of residuals (reduced chisquare) = WSSR/ndf   : 2.05778e-06

Final set of parameters            Asymptotic Standard Error
=======================            ==========================
a               = 1.01893          +/- 0.01053      (1.033%)
b               = 1.01896          +/- 0.01105      (1.084%)
alpha           = 0.00541276       +/- 0.003244     (59.93%)
beta            = 0.989888         +/- 0.006781     (0.685%)

correlation matrix of the fit parameters:
                a      b      alpha  beta   
a               1.000 
b               0.995  1.000 
alpha           0.987  0.977  1.000 
beta           -0.963 -0.971 -0.926  1.000 


*******************************************************************************
Sun Nov  8 23:54:11 2020


FIT:    data read from filename
        format = z
        #datapoints = 116
        residuals are weighted equally (unit weight)

function used for fitting: p(x)
	p(x) = a * (x**alpha) * exp(-b*(x**beta))
fitted parameters initialized with current variable values

iter      chisq       delta/lim  lambda   a             b             alpha         beta         
   0 2.2283508254e+00   0.00e+00  1.85e-01    1.000000e+00   1.000000e+00   1.000000e+00   1.000000e+00
   8 2.3047141798e-04  -1.21e-01  1.85e-06    1.018933e+00   1.018961e+00   5.412756e-03   9.898882e-01

After 8 iterations the fit converged.
final sum of squares of residuals : 0.000230471
rel. change during last iteration : -1.20592e-06

degrees of freedom    (FIT_NDF)                        : 112
rms of residuals      (FIT_STDFIT) = sqrt(WSSR/ndf)    : 0.0014345
variance of residuals (reduced chisquare) = WSSR/ndf   : 2.05778e-06

Final set of parameters            Asymptotic Standard Error
=======================            ==========================
a               = 1.01893          +/- 0.01053      (1.033%)
b               = 1.01896          +/- 0.01105      (1.084%)
alpha           = 0.00541276       +/- 0.003244     (59.93%)
beta            = 0.989888         +/- 0.006781     (0.685%)

correlation matrix of the fit parameters:
                a      b      alpha  beta   
a               1.000 
b               0.995  1.000 
alpha           0.987  0.977  1.000 
beta           -0.963 -0.971 -0.926  1.000 


*******************************************************************************
Sun Nov  8 23:54:54 2020


FIT:    data read from filename
        format = z
        #datapoints = 116
        residuals are weighted equally (unit weight)

function used for fitting: p(x)
	p(x) = a * (x**alpha) * exp(-b*(x**beta))
fitted parameters initialized with current variable values

iter      chisq       delta/lim  lambda   a             b             alpha         beta         
   0 2.2283508254e+00   0.00e+00  1.85e-01    1.000000e+00   1.000000e+00   1.000000e+00   1.000000e+00
   8 2.3047141798e-04  -1.21e-01  1.85e-06    1.018933e+00   1.018961e+00   5.412756e-03   9.898882e-01

After 8 iterations the fit converged.
final sum of squares of residuals : 0.000230471
rel. change during last iteration : -1.20592e-06

degrees of freedom    (FIT_NDF)                        : 112
rms of residuals      (FIT_STDFIT) = sqrt(WSSR/ndf)    : 0.0014345
variance of residuals (reduced chisquare) = WSSR/ndf   : 2.05778e-06

Final set of parameters            Asymptotic Standard Error
=======================            ==========================
a               = 1.01893          +/- 0.01053      (1.033%)
b               = 1.01896          +/- 0.01105      (1.084%)
alpha           = 0.00541276       +/- 0.003244     (59.93%)
beta            = 0.989888         +/- 0.006781     (0.685%)

correlation matrix of the fit parameters:
                a      b      alpha  beta   
a               1.000 
b               0.995  1.000 
alpha           0.987  0.977  1.000 
beta           -0.963 -0.971 -0.926  1.000 


*******************************************************************************
Sun Nov  8 23:57:41 2020


FIT:    data read from filename
        format = z
        #datapoints = 116
        residuals are weighted equally (unit weight)

function used for fitting: p(x)
	p(x) = a * (x**alpha) * exp(-b*(x**beta))
fitted parameters initialized with current variable values

iter      chisq       delta/lim  lambda   a             b             alpha         beta         
   0 2.2283508254e+00   0.00e+00  1.85e-01    1.000000e+00   1.000000e+00   1.000000e+00   1.000000e+00
   8 2.3047141798e-04  -1.21e-01  1.85e-06    1.018933e+00   1.018961e+00   5.412756e-03   9.898882e-01

After 8 iterations the fit converged.
final sum of squares of residuals : 0.000230471
rel. change during last iteration : -1.20592e-06

degrees of freedom    (FIT_NDF)                        : 112
rms of residuals      (FIT_STDFIT) = sqrt(WSSR/ndf)    : 0.0014345
variance of residuals (reduced chisquare) = WSSR/ndf   : 2.05778e-06

Final set of parameters            Asymptotic Standard Error
=======================            ==========================
a               = 1.01893          +/- 0.01053      (1.033%)
b               = 1.01896          +/- 0.01105      (1.084%)
alpha           = 0.00541276       +/- 0.003244     (59.93%)
beta            = 0.989888         +/- 0.006781     (0.685%)

correlation matrix of the fit parameters:
                a      b      alpha  beta   
a               1.000 
b               0.995  1.000 
alpha           0.987  0.977  1.000 
beta           -0.963 -0.971 -0.926  1.000 


*******************************************************************************
Mon Nov  9 00:01:24 2020


FIT:    data read from filename
        format = z
        #datapoints = 116
        residuals are weighted equally (unit weight)

function used for fitting: p(x)
	p(x) = a * (x**alpha) * exp(-b*(x**beta))
fitted parameters initialized with current variable values

iter      chisq       delta/lim  lambda   a             b             alpha         beta         
   0 2.2283508254e+00   0.00e+00  1.85e-01    1.000000e+00   1.000000e+00   1.000000e+00   1.000000e+00
   8 2.3047141798e-04  -1.21e-01  1.85e-06    1.018933e+00   1.018961e+00   5.412756e-03   9.898882e-01

After 8 iterations the fit converged.
final sum of squares of residuals : 0.000230471
rel. change during last iteration : -1.20592e-06

degrees of freedom    (FIT_NDF)                        : 112
rms of residuals      (FIT_STDFIT) = sqrt(WSSR/ndf)    : 0.0014345
variance of residuals (reduced chisquare) = WSSR/ndf   : 2.05778e-06

Final set of parameters            Asymptotic Standard Error
=======================            ==========================
a               = 1.01893          +/- 0.01053      (1.033%)
b               = 1.01896          +/- 0.01105      (1.084%)
alpha           = 0.00541276       +/- 0.003244     (59.93%)
beta            = 0.989888         +/- 0.006781     (0.685%)

correlation matrix of the fit parameters:
                a      b      alpha  beta   
a               1.000 
b               0.995  1.000 
alpha           0.987  0.977  1.000 
beta           -0.963 -0.971 -0.926  1.000 


*******************************************************************************
Mon Nov  9 00:02:57 2020


FIT:    data read from filename
        format = z
        #datapoints = 116
        residuals are weighted equally (unit weight)

function used for fitting: p(x)
	p(x) = a * (x**alpha) * exp(-b*(x**beta))
fitted parameters initialized with current variable values

iter      chisq       delta/lim  lambda   a             b             alpha         beta         
   0 2.2283508254e+00   0.00e+00  1.85e-01    1.000000e+00   1.000000e+00   1.000000e+00   1.000000e+00
   8 2.3047141798e-04  -1.21e-01  1.85e-06    1.018933e+00   1.018961e+00   5.412756e-03   9.898882e-01

After 8 iterations the fit converged.
final sum of squares of residuals : 0.000230471
rel. change during last iteration : -1.20592e-06

degrees of freedom    (FIT_NDF)                        : 112
rms of residuals      (FIT_STDFIT) = sqrt(WSSR/ndf)    : 0.0014345
variance of residuals (reduced chisquare) = WSSR/ndf   : 2.05778e-06

Final set of parameters            Asymptotic Standard Error
=======================            ==========================
a               = 1.01893          +/- 0.01053      (1.033%)
b               = 1.01896          +/- 0.01105      (1.084%)
alpha           = 0.00541276       +/- 0.003244     (59.93%)
beta            = 0.989888         +/- 0.006781     (0.685%)

correlation matrix of the fit parameters:
                a      b      alpha  beta   
a               1.000 
b               0.995  1.000 
alpha           0.987  0.977  1.000 
beta           -0.963 -0.971 -0.926  1.000 


*******************************************************************************
Mon Nov  9 00:04:08 2020


FIT:    data read from filename
        format = z
        #datapoints = 116
        residuals are weighted equally (unit weight)

function used for fitting: p(x)
	p(x) = a * (x**alpha) * exp(-b*(x**beta))
fitted parameters initialized with current variable values

iter      chisq       delta/lim  lambda   a             b             alpha         beta         
   0 2.2283508254e+00   0.00e+00  1.85e-01    1.000000e+00   1.000000e+00   1.000000e+00   1.000000e+00
   8 2.3047141798e-04  -1.21e-01  1.85e-06    1.018933e+00   1.018961e+00   5.412756e-03   9.898882e-01

After 8 iterations the fit converged.
final sum of squares of residuals : 0.000230471
rel. change during last iteration : -1.20592e-06

degrees of freedom    (FIT_NDF)                        : 112
rms of residuals      (FIT_STDFIT) = sqrt(WSSR/ndf)    : 0.0014345
variance of residuals (reduced chisquare) = WSSR/ndf   : 2.05778e-06

Final set of parameters            Asymptotic Standard Error
=======================            ==========================
a               = 1.01893          +/- 0.01053      (1.033%)
b               = 1.01896          +/- 0.01105      (1.084%)
alpha           = 0.00541276       +/- 0.003244     (59.93%)
beta            = 0.989888         +/- 0.006781     (0.685%)

correlation matrix of the fit parameters:
                a      b      alpha  beta   
a               1.000 
b               0.995  1.000 
alpha           0.987  0.977  1.000 
beta           -0.963 -0.971 -0.926  1.000 


*******************************************************************************
Mon Nov  9 00:04:30 2020


FIT:    data read from filename
        format = z
        #datapoints = 116
        residuals are weighted equally (unit weight)

function used for fitting: p(x)
	p(x) = a * (x**alpha) * exp(-b*(x**beta))
fitted parameters initialized with current variable values

iter      chisq       delta/lim  lambda   a             b             alpha         beta         
   0 2.2283508254e+00   0.00e+00  1.85e-01    1.000000e+00   1.000000e+00   1.000000e+00   1.000000e+00
   8 2.3047141798e-04  -1.21e-01  1.85e-06    1.018933e+00   1.018961e+00   5.412756e-03   9.898882e-01

After 8 iterations the fit converged.
final sum of squares of residuals : 0.000230471
rel. change during last iteration : -1.20592e-06

degrees of freedom    (FIT_NDF)                        : 112
rms of residuals      (FIT_STDFIT) = sqrt(WSSR/ndf)    : 0.0014345
variance of residuals (reduced chisquare) = WSSR/ndf   : 2.05778e-06

Final set of parameters            Asymptotic Standard Error
=======================            ==========================
a               = 1.01893          +/- 0.01053      (1.033%)
b               = 1.01896          +/- 0.01105      (1.084%)
alpha           = 0.00541276       +/- 0.003244     (59.93%)
beta            = 0.989888         +/- 0.006781     (0.685%)

correlation matrix of the fit parameters:
                a      b      alpha  beta   
a               1.000 
b               0.995  1.000 
alpha           0.987  0.977  1.000 
beta           -0.963 -0.971 -0.926  1.000 


*******************************************************************************
Mon Nov  9 00:05:10 2020


FIT:    data read from filename
        format = z
        #datapoints = 116
        residuals are weighted equally (unit weight)

function used for fitting: p(x)
	p(x) = a * (x**alpha) * exp(-b*(x**beta))
fitted parameters initialized with current variable values

iter      chisq       delta/lim  lambda   a             b             alpha         beta         
   0 2.2283508254e+00   0.00e+00  1.85e-01    1.000000e+00   1.000000e+00   1.000000e+00   1.000000e+00
   8 2.3047141798e-04  -1.21e-01  1.85e-06    1.018933e+00   1.018961e+00   5.412756e-03   9.898882e-01

After 8 iterations the fit converged.
final sum of squares of residuals : 0.000230471
rel. change during last iteration : -1.20592e-06

degrees of freedom    (FIT_NDF)                        : 112
rms of residuals      (FIT_STDFIT) = sqrt(WSSR/ndf)    : 0.0014345
variance of residuals (reduced chisquare) = WSSR/ndf   : 2.05778e-06

Final set of parameters            Asymptotic Standard Error
=======================            ==========================
a               = 1.01893          +/- 0.01053      (1.033%)
b               = 1.01896          +/- 0.01105      (1.084%)
alpha           = 0.00541276       +/- 0.003244     (59.93%)
beta            = 0.989888         +/- 0.006781     (0.685%)

correlation matrix of the fit parameters:
                a      b      alpha  beta   
a               1.000 
b               0.995  1.000 
alpha           0.987  0.977  1.000 
beta           -0.963 -0.971 -0.926  1.000 


*******************************************************************************
Mon Nov  9 00:05:30 2020


FIT:    data read from filename
        format = z
        #datapoints = 116
        residuals are weighted equally (unit weight)

function used for fitting: p(x)
	p(x) = a * (x**alpha) * exp(-b*(x**beta))
fitted parameters initialized with current variable values

iter      chisq       delta/lim  lambda   a             b             alpha         beta         
   0 2.2283508254e+00   0.00e+00  1.85e-01    1.000000e+00   1.000000e+00   1.000000e+00   1.000000e+00
   8 2.3047141798e-04  -1.21e-01  1.85e-06    1.018933e+00   1.018961e+00   5.412756e-03   9.898882e-01

After 8 iterations the fit converged.
final sum of squares of residuals : 0.000230471
rel. change during last iteration : -1.20592e-06

degrees of freedom    (FIT_NDF)                        : 112
rms of residuals      (FIT_STDFIT) = sqrt(WSSR/ndf)    : 0.0014345
variance of residuals (reduced chisquare) = WSSR/ndf   : 2.05778e-06

Final set of parameters            Asymptotic Standard Error
=======================            ==========================
a               = 1.01893          +/- 0.01053      (1.033%)
b               = 1.01896          +/- 0.01105      (1.084%)
alpha           = 0.00541276       +/- 0.003244     (59.93%)
beta            = 0.989888         +/- 0.006781     (0.685%)

correlation matrix of the fit parameters:
                a      b      alpha  beta   
a               1.000 
b               0.995  1.000 
alpha           0.987  0.977  1.000 
beta           -0.963 -0.971 -0.926  1.000 


*******************************************************************************
Mon Nov  9 00:24:17 2020


FIT:    data read from filename
        format = z
        #datapoints = 116
        residuals are weighted equally (unit weight)

function used for fitting: p(x)
	p(x) = a * (x**alpha) * exp(-b*(x**beta))
fitted parameters initialized with current variable values

iter      chisq       delta/lim  lambda   a             b             alpha         beta         
   0 2.2283508254e+00   0.00e+00  1.85e-01    1.000000e+00   1.000000e+00   1.000000e+00   1.000000e+00
   8 2.3047141798e-04  -1.21e-01  1.85e-06    1.018933e+00   1.018961e+00   5.412756e-03   9.898882e-01

After 8 iterations the fit converged.
final sum of squares of residuals : 0.000230471
rel. change during last iteration : -1.20592e-06

degrees of freedom    (FIT_NDF)                        : 112
rms of residuals      (FIT_STDFIT) = sqrt(WSSR/ndf)    : 0.0014345
variance of residuals (reduced chisquare) = WSSR/ndf   : 2.05778e-06

Final set of parameters            Asymptotic Standard Error
=======================            ==========================
a               = 1.01893          +/- 0.01053      (1.033%)
b               = 1.01896          +/- 0.01105      (1.084%)
alpha           = 0.00541276       +/- 0.003244     (59.93%)
beta            = 0.989888         +/- 0.006781     (0.685%)

correlation matrix of the fit parameters:
                a      b      alpha  beta   
a               1.000 
b               0.995  1.000 
alpha           0.987  0.977  1.000 
beta           -0.963 -0.971 -0.926  1.000 
