

*******************************************************************************
Sun Nov  8 22:40:35 2020


FIT:    data read from filename
        format = z
        #datapoints = 116
        residuals are weighted equally (unit weight)

function used for fitting: p(x)
	p(x) = a * (x**alpha) * exp(-b*(x**beta))
fitted parameters initialized with current variable values

iter      chisq       delta/lim  lambda   a             b             alpha         beta         
   0 2.6625204760e+00   0.00e+00  2.00e-01    1.000000e+00   1.000000e+00   1.000000e+00   1.000000e+00
   8 3.4715078752e-04  -1.57e-01  2.00e-06    9.892238e-01   9.779749e-01  -2.856233e-03   1.026513e+00

After 8 iterations the fit converged.
final sum of squares of residuals : 0.000347151
rel. change during last iteration : -1.57233e-06

degrees of freedom    (FIT_NDF)                        : 112
rms of residuals      (FIT_STDFIT) = sqrt(WSSR/ndf)    : 0.00176056
variance of residuals (reduced chisquare) = WSSR/ndf   : 3.09956e-06

Final set of parameters            Asymptotic Standard Error
=======================            ==========================
a               = 0.989224         +/- 0.009994     (1.01%)
b               = 0.977975         +/- 0.01091      (1.115%)
alpha           = -0.00285623      +/- 0.003184     (111.5%)
beta            = 1.02651          +/- 0.007372     (0.7181%)

correlation matrix of the fit parameters:
                a      b      alpha  beta   
a               1.000 
b               0.994  1.000 
alpha           0.984  0.971  1.000 
beta           -0.957 -0.966 -0.914  1.000 
