

*******************************************************************************
Fri Nov  6 16:18:46 2020


FIT:    data read from filename using 1:2
        format = x:z
        #datapoints = 92
        residuals are weighted equally (unit weight)

function used for fitting: p(x)
	p(x) = exp(-b*(x**beta))
fitted parameters initialized with current variable values

iter      chisq       delta/lim  lambda   b             beta         
   0 3.1375996325e-03   0.00e+00  1.37e-01    1.000000e+00   1.000000e+00
   3 8.7226156842e-04  -5.01e-03  1.37e-04    9.775665e-01   1.045983e+00

After 3 iterations the fit converged.
final sum of squares of residuals : 0.000872262
rel. change during last iteration : -5.0074e-08

degrees of freedom    (FIT_NDF)                        : 90
rms of residuals      (FIT_STDFIT) = sqrt(WSSR/ndf)    : 0.00311316
variance of residuals (reduced chisquare) = WSSR/ndf   : 9.6918e-06

Final set of parameters            Asymptotic Standard Error
=======================            ==========================
b               = 0.977567         +/- 0.00213      (0.2179%)
beta            = 1.04598          +/- 0.003369     (0.3221%)

correlation matrix of the fit parameters:
                b      beta   
b               1.000 
beta           -0.347  1.000 


*******************************************************************************
Fri Nov  6 16:20:22 2020


FIT:    data read from filename using 1:2
        format = x:z
        #datapoints = 92
        residuals are weighted equally (unit weight)

function used for fitting: p(x)
	p(x) = a*exp(-b*(x**beta))
fitted parameters initialized with current variable values

iter      chisq       delta/lim  lambda   a             b             beta         
   0 4.9568249141e+00   0.00e+00  1.73e-06    1.000000e-05   1.000000e+00   1.000000e+00

Current data point
=========================
#               = 11 out of 92
x               = 0.966328       
z               = 0.340368       

Current set of parameters
=========================
a               = 0.966328       
b               = -6443.73       
beta            = 8497.84        

BREAK: Function evaluation yields NaN ("not a number")

*******************************************************************************
Fri Nov  6 16:21:14 2020


FIT:    data read from filename using 1:2
        format = x:z
        #datapoints = 92
        residuals are weighted equally (unit weight)

function used for fitting: p(x)
	p(x) = exp(-b*(x**beta))
fitted parameters initialized with current variable values

iter      chisq       delta/lim  lambda   a             b             beta         
   0 3.1375996325e-03   0.00e+00  1.12e-01    1.000000e+00   1.000000e+00   1.000000e+00
BREAK: Singular matrix in Invert_RtR

*******************************************************************************
Fri Nov  6 16:21:33 2020


FIT:    data read from filename using 1:2
        format = x:z
        #datapoints = 92
        residuals are weighted equally (unit weight)

function used for fitting: p(x)
	p(x) = exp(-b*(x**beta))
fitted parameters initialized with current variable values

iter      chisq       delta/lim  lambda   b             beta         
   0 3.1375996325e-03   0.00e+00  1.37e-01    1.000000e+00   1.000000e+00
   3 8.7226156842e-04  -5.01e-03  1.37e-04    9.775665e-01   1.045983e+00

After 3 iterations the fit converged.
final sum of squares of residuals : 0.000872262
rel. change during last iteration : -5.0074e-08

degrees of freedom    (FIT_NDF)                        : 90
rms of residuals      (FIT_STDFIT) = sqrt(WSSR/ndf)    : 0.00311316
variance of residuals (reduced chisquare) = WSSR/ndf   : 9.6918e-06

Final set of parameters            Asymptotic Standard Error
=======================            ==========================
b               = 0.977567         +/- 0.00213      (0.2179%)
beta            = 1.04598          +/- 0.003369     (0.3221%)

correlation matrix of the fit parameters:
                b      beta   
b               1.000 
beta           -0.347  1.000 
