

*******************************************************************************
Fri Nov  6 16:18:46 2020


FIT:    data read from filename using 1:2
        format = x:z
        #datapoints = 92
        residuals are weighted equally (unit weight)

function used for fitting: p(x)
	p(x) = (a*(x**alpha))*(exp(-b*(x**beta)))
fitted parameters initialized with current variable values

iter      chisq       delta/lim  lambda   a             alpha         b             beta         
   0 3.0962691647e+00   0.00e+00  6.91e-01    3.000000e+00   2.000000e+00   1.000000e+00   2.000000e+00
   5 6.5498916940e-03  -3.81e-01  6.91e-06    4.150723e+00   2.050649e+00   1.515205e+00   1.909194e+00

After 5 iterations the fit converged.
final sum of squares of residuals : 0.00654989
rel. change during last iteration : -3.80881e-06

degrees of freedom    (FIT_NDF)                        : 88
rms of residuals      (FIT_STDFIT) = sqrt(WSSR/ndf)    : 0.00862732
variance of residuals (reduced chisquare) = WSSR/ndf   : 7.44306e-05

Final set of parameters            Asymptotic Standard Error
=======================            ==========================
a               = 4.15072          +/- 0.1857       (4.474%)
alpha           = 2.05065          +/- 0.0345       (1.682%)
b               = 1.51521          +/- 0.04542      (2.997%)
beta            = 1.90919          +/- 0.03064      (1.605%)

correlation matrix of the fit parameters:
                a      alpha  b      beta   
a               1.000 
alpha           0.982  1.000 
b               0.999  0.976  1.000 
beta           -0.978 -0.932 -0.984  1.000 


*******************************************************************************
Fri Nov  6 16:20:22 2020


FIT:    data read from filename using 1:2
        format = x:z
        #datapoints = 92
        residuals are weighted equally (unit weight)

function used for fitting: p(x)
	p(x) = (a*(x**alpha))*(exp(-b*(x**beta)))
fitted parameters initialized with current variable values

iter      chisq       delta/lim  lambda   a             alpha         b             beta         
   0 3.0962691647e+00   0.00e+00  6.91e-01    3.000000e+00   2.000000e+00   1.000000e+00   2.000000e+00
   5 6.5498916940e-03  -3.81e-01  6.91e-06    4.150723e+00   2.050649e+00   1.515205e+00   1.909194e+00

After 5 iterations the fit converged.
final sum of squares of residuals : 0.00654989
rel. change during last iteration : -3.80881e-06

degrees of freedom    (FIT_NDF)                        : 88
rms of residuals      (FIT_STDFIT) = sqrt(WSSR/ndf)    : 0.00862732
variance of residuals (reduced chisquare) = WSSR/ndf   : 7.44306e-05

Final set of parameters            Asymptotic Standard Error
=======================            ==========================
a               = 4.15072          +/- 0.1857       (4.474%)
alpha           = 2.05065          +/- 0.0345       (1.682%)
b               = 1.51521          +/- 0.04542      (2.997%)
beta            = 1.90919          +/- 0.03064      (1.605%)

correlation matrix of the fit parameters:
                a      alpha  b      beta   
a               1.000 
alpha           0.982  1.000 
b               0.999  0.976  1.000 
beta           -0.978 -0.932 -0.984  1.000 


*******************************************************************************
Fri Nov  6 16:21:14 2020


FIT:    data read from filename using 1:2
        format = x:z
        #datapoints = 92
        residuals are weighted equally (unit weight)

function used for fitting: p(x)
	p(x) = (a*(x**alpha))*(exp(-b*(x**beta)))
fitted parameters initialized with current variable values

iter      chisq       delta/lim  lambda   a             alpha         b             beta         
   0 3.0962691647e+00   0.00e+00  6.91e-01    3.000000e+00   2.000000e+00   1.000000e+00   2.000000e+00
   5 6.5498916940e-03  -3.81e-01  6.91e-06    4.150723e+00   2.050649e+00   1.515205e+00   1.909194e+00

After 5 iterations the fit converged.
final sum of squares of residuals : 0.00654989
rel. change during last iteration : -3.80881e-06

degrees of freedom    (FIT_NDF)                        : 88
rms of residuals      (FIT_STDFIT) = sqrt(WSSR/ndf)    : 0.00862732
variance of residuals (reduced chisquare) = WSSR/ndf   : 7.44306e-05

Final set of parameters            Asymptotic Standard Error
=======================            ==========================
a               = 4.15072          +/- 0.1857       (4.474%)
alpha           = 2.05065          +/- 0.0345       (1.682%)
b               = 1.51521          +/- 0.04542      (2.997%)
beta            = 1.90919          +/- 0.03064      (1.605%)

correlation matrix of the fit parameters:
                a      alpha  b      beta   
a               1.000 
alpha           0.982  1.000 
b               0.999  0.976  1.000 
beta           -0.978 -0.932 -0.984  1.000 


*******************************************************************************
Fri Nov  6 16:21:33 2020


FIT:    data read from filename using 1:2
        format = x:z
        #datapoints = 92
        residuals are weighted equally (unit weight)

function used for fitting: p(x)
	p(x) = (a*(x**alpha))*(exp(-b*(x**beta)))
fitted parameters initialized with current variable values

iter      chisq       delta/lim  lambda   a             alpha         b             beta         
   0 3.0962691647e+00   0.00e+00  6.91e-01    3.000000e+00   2.000000e+00   1.000000e+00   2.000000e+00
   5 6.5498916940e-03  -3.81e-01  6.91e-06    4.150723e+00   2.050649e+00   1.515205e+00   1.909194e+00

After 5 iterations the fit converged.
final sum of squares of residuals : 0.00654989
rel. change during last iteration : -3.80881e-06

degrees of freedom    (FIT_NDF)                        : 88
rms of residuals      (FIT_STDFIT) = sqrt(WSSR/ndf)    : 0.00862732
variance of residuals (reduced chisquare) = WSSR/ndf   : 7.44306e-05

Final set of parameters            Asymptotic Standard Error
=======================            ==========================
a               = 4.15072          +/- 0.1857       (4.474%)
alpha           = 2.05065          +/- 0.0345       (1.682%)
b               = 1.51521          +/- 0.04542      (2.997%)
beta            = 1.90919          +/- 0.03064      (1.605%)

correlation matrix of the fit parameters:
                a      alpha  b      beta   
a               1.000 
alpha           0.982  1.000 
b               0.999  0.976  1.000 
beta           -0.978 -0.932 -0.984  1.000 
