

*******************************************************************************
Sun Nov  8 22:40:34 2020


FIT:    data read from filename
        format = z
        #datapoints = 116
        residuals are weighted equally (unit weight)

function used for fitting: p(x)
	p(x) = a * (x**alpha) * exp(-b*(x**beta))
fitted parameters initialized with current variable values

iter      chisq       delta/lim  lambda   a             b             alpha         beta         
   0 2.7765646541e+00   0.00e+00  2.09e-01    1.000000e+00   1.000000e+00   1.000000e+00   1.000000e+00
  52 1.5575024921e-03  -4.40e-02  2.09e-03    4.629491e+00   1.667506e+00   2.159123e+00   1.732479e+00

After 52 iterations the fit converged.
final sum of squares of residuals : 0.0015575
rel. change during last iteration : -4.39853e-07

degrees of freedom    (FIT_NDF)                        : 112
rms of residuals      (FIT_STDFIT) = sqrt(WSSR/ndf)    : 0.00372911
variance of residuals (reduced chisquare) = WSSR/ndf   : 1.39063e-05

Final set of parameters            Asymptotic Standard Error
=======================            ==========================
a               = 4.62949          +/- 0.1841       (3.976%)
b               = 1.66751          +/- 0.04017      (2.409%)
alpha           = 2.15912          +/- 0.02886      (1.337%)
beta            = 1.73248          +/- 0.02185      (1.261%)

correlation matrix of the fit parameters:
                a      b      alpha  beta   
a               1.000 
b               0.999  1.000 
alpha           0.984  0.980  1.000 
beta           -0.982 -0.986 -0.941  1.000 
