

*******************************************************************************
Sun Nov  8 22:14:38 2020


FIT:    data read from filename
        format = z
        #datapoints = 116
        residuals are weighted equally (unit weight)

function used for fitting: p(x)
	p(x) = a * (x**alpha) * exp(-b*(x**beta))
fitted parameters initialized with current variable values

iter      chisq       delta/lim  lambda   a             b             alpha         beta         
   0 3.5234269476e+00   0.00e+00  2.33e-01    1.000000e+00   1.000000e+00   1.000000e+00   1.000000e+00
  34 8.8195538205e-04  -4.66e-03  2.33e-01    3.909493e+00   1.481015e+00   2.075404e+00   1.848314e+00

After 34 iterations the fit converged.
final sum of squares of residuals : 0.000881955
rel. change during last iteration : -4.65785e-08

degrees of freedom    (FIT_NDF)                        : 112
rms of residuals      (FIT_STDFIT) = sqrt(WSSR/ndf)    : 0.00280617
variance of residuals (reduced chisquare) = WSSR/ndf   : 7.8746e-06

Final set of parameters            Asymptotic Standard Error
=======================            ==========================
a               = 3.90949          +/- 0.09023      (2.308%)
b               = 1.48102          +/- 0.0233       (1.573%)
alpha           = 2.0754           +/- 0.01779      (0.8572%)
beta            = 1.84831          +/- 0.01505      (0.8145%)

correlation matrix of the fit parameters:
                a      b      alpha  beta   
a               1.000 
b               0.999  1.000 
alpha           0.982  0.977  1.000 
beta           -0.980 -0.985 -0.935  1.000 
