

*******************************************************************************
Sun Nov  8 22:14:38 2020


FIT:    data read from filename
        format = z
        #datapoints = 116
        residuals are weighted equally (unit weight)

function used for fitting: p(x)
	p(x) = a * (x**alpha) * exp(-b*(x**beta))
fitted parameters initialized with current variable values

iter      chisq       delta/lim  lambda   a             b             alpha         beta         
   0 2.2218255546e+00   0.00e+00  1.84e-01    1.000000e+00   1.000000e+00   1.000000e+00   1.000000e+00

Current data point
=========================
#               = 105 out of 116
x               = -2.11473       
z               = 0              

Current set of parameters
=========================
a               = -2.11473       
b               = -1.04035       
alpha           = 0.441256       
beta            = 2.64495        

BREAK: Function evaluation yields NaN ("not a number")