

*******************************************************************************
Sun Nov  8 22:14:38 2020


FIT:    data read from filename
        format = z
        #datapoints = 116
        residuals are weighted equally (unit weight)

function used for fitting: p(x)
	p(x) = a * (x**alpha) * exp(-b*(x**beta))
fitted parameters initialized with current variable values

iter      chisq       delta/lim  lambda   a             b             alpha         beta         
   0 6.2885893957e+00   0.00e+00  2.95e-01    1.000000e+00   1.000000e+00   1.000000e+00   1.000000e+00
   8 1.9847689169e-03  -3.02e-04  2.95e-08    3.622665e+00   1.388550e+00   2.031595e+00   1.927932e+00

After 8 iterations the fit converged.
final sum of squares of residuals : 0.00198477
rel. change during last iteration : -3.01904e-09

degrees of freedom    (FIT_NDF)                        : 112
rms of residuals      (FIT_STDFIT) = sqrt(WSSR/ndf)    : 0.00420965
variance of residuals (reduced chisquare) = WSSR/ndf   : 1.77212e-05

Final set of parameters            Asymptotic Standard Error
=======================            ==========================
a               = 3.62267          +/- 0.08697      (2.401%)
b               = 1.38855          +/- 0.02424      (1.745%)
alpha           = 2.03159          +/- 0.01917      (0.9436%)
beta            = 1.92793          +/- 0.01738      (0.9014%)

correlation matrix of the fit parameters:
                a      b      alpha  beta   
a               1.000 
b               0.999  1.000 
alpha           0.980  0.974  1.000 
beta           -0.978 -0.985 -0.931  1.000 
