

*******************************************************************************
Mon Nov 30 17:42:46 2020


FIT:    data read from "cpu_times.txt" u 1:3
        format = x:z
        #datapoints = 39
        residuals are weighted equally (unit weight)

function used for fitting: f(x)
	f(x) = 2**(ax)
fitted parameters initialized with current variable values



*******************************************************************************
Mon Nov 30 17:42:53 2020


FIT:    data read from "cpu_times.txt" u 1:3
        format = x:z
        #datapoints = 39
        residuals are weighted equally (unit weight)

function used for fitting: f(x)
	f(x) = 2**(a*x)
fitted parameters initialized with current variable values

iter      chisq       delta/lim  lambda   a            
   0 1.6119010928e+24   0.00e+00  5.67e+12    1.000000e+00
  27 4.3407240799e+04  -3.68e-01  5.67e-15    1.007259e-01

After 27 iterations the fit converged.
final sum of squares of residuals : 43407.2
rel. change during last iteration : -3.67742e-06

degrees of freedom    (FIT_NDF)                        : 38
rms of residuals      (FIT_STDFIT) = sqrt(WSSR/ndf)    : 33.7979
variance of residuals (reduced chisquare) = WSSR/ndf   : 1142.3

Final set of parameters            Asymptotic Standard Error
=======================            ==========================
a               = 0.100726         +/- 0.0316       (31.37%)


*******************************************************************************
Mon Nov 30 17:43:08 2020


FIT:    data read from "cpu_times.txt" u 1:3
        format = x:z
        #datapoints = 39
        residuals are weighted equally (unit weight)

function used for fitting: f(x)
	f(x) = 2**(a*x)
fitted parameters initialized with current variable values

iter      chisq       delta/lim  lambda   a            
   0 1.6119010928e+24   0.00e+00  5.67e+12    1.000000e+00
  27 4.3407240799e+04  -3.68e-01  5.67e-15    1.007259e-01

After 27 iterations the fit converged.
final sum of squares of residuals : 43407.2
rel. change during last iteration : -3.67742e-06

degrees of freedom    (FIT_NDF)                        : 38
rms of residuals      (FIT_STDFIT) = sqrt(WSSR/ndf)    : 33.7979
variance of residuals (reduced chisquare) = WSSR/ndf   : 1142.3

Final set of parameters            Asymptotic Standard Error
=======================            ==========================
a               = 0.100726         +/- 0.0316       (31.37%)


*******************************************************************************
Mon Nov 30 17:44:01 2020


FIT:    data read from "cpu_times.txt" u 1:3
        format = x:z
        #datapoints = 39
        residuals are weighted equally (unit weight)

function used for fitting: f(x)
	f(x) = a + b*x + c*x**2
fitted parameters initialized with current variable values

iter      chisq       delta/lim  lambda   a             b             c            
   0 2.2712278802e+07   0.00e+00  4.32e+02    1.000000e+00   1.000000e+00   1.000000e+00
   6 4.2056572366e+04  -1.12e-06  4.32e-04   -1.280206e+01   1.797855e+00  -3.077895e-02

After 6 iterations the fit converged.
final sum of squares of residuals : 42056.6
rel. change during last iteration : -1.11714e-11

degrees of freedom    (FIT_NDF)                        : 36
rms of residuals      (FIT_STDFIT) = sqrt(WSSR/ndf)    : 34.1795
variance of residuals (reduced chisquare) = WSSR/ndf   : 1168.24

Final set of parameters            Asymptotic Standard Error
=======================            ==========================
a               = -12.8021         +/- 19.11        (149.3%)
b               = 1.79785          +/- 2.088        (116.2%)
c               = -0.0307789       +/- 0.04836      (157.1%)

correlation matrix of the fit parameters:
                a      b      c      
a               1.000 
b              -0.898  1.000 
c               0.795 -0.973  1.000 


*******************************************************************************
Mon Nov 30 17:45:13 2020


FIT:    data read from "cpu_times.txt" u 1:3
        format = x:z
        #datapoints = 39
        residuals are weighted equally (unit weight)

function used for fitting: f(x)
	f(x) = a + b*x
fitted parameters initialized with current variable values

iter      chisq       delta/lim  lambda   a             b            
   0 5.1961183666e+04   0.00e+00  1.69e+01    1.000000e+00   1.000000e+00
   4 4.2529863938e+04  -2.10e-04  1.69e-03   -3.127209e+00   5.051392e-01

After 4 iterations the fit converged.
final sum of squares of residuals : 42529.9
rel. change during last iteration : -2.09656e-09

degrees of freedom    (FIT_NDF)                        : 37
rms of residuals      (FIT_STDFIT) = sqrt(WSSR/ndf)    : 33.9036
variance of residuals (reduced chisquare) = WSSR/ndf   : 1149.46

Final set of parameters            Asymptotic Standard Error
=======================            ==========================
a               = -3.12721         +/- 11.49        (367.5%)
b               = 0.505139         +/- 0.4824       (95.49%)

correlation matrix of the fit parameters:
                a      b      
a               1.000 
b              -0.881  1.000 


*******************************************************************************
Mon Nov 30 17:45:47 2020


FIT:    data read from "cpu_times.txt" u 1:3
        format = x:z
        #datapoints = 39
        residuals are weighted equally (unit weight)

function used for fitting: f(x)
	f(x) = a + e**(b*x)
fitted parameters initialized with current variable values



*******************************************************************************
Mon Nov 30 17:45:55 2020


FIT:    data read from "cpu_times.txt" u 1:3
        format = x:z
        #datapoints = 39
        residuals are weighted equally (unit weight)

function used for fitting: f(x)
	f(x) = a + exp(b*x)
fitted parameters initialized with current variable values

iter      chisq       delta/lim  lambda   a             b            
   0 6.4078275394e+34   0.00e+00  1.17e+18    1.000000e+00   1.000000e+00
  40 4.3219895190e+04  -2.57e-01  1.17e-21    2.851248e+00   6.192728e-02

After 40 iterations the fit converged.
final sum of squares of residuals : 43219.9
rel. change during last iteration : -2.56861e-06

degrees of freedom    (FIT_NDF)                        : 37
rms of residuals      (FIT_STDFIT) = sqrt(WSSR/ndf)    : 34.1776
variance of residuals (reduced chisquare) = WSSR/ndf   : 1168.11

Final set of parameters            Asymptotic Standard Error
=======================            ==========================
a               = 2.85125          +/- 7.655        (268.5%)
b               = 0.0619273        +/- 0.041        (66.2%)

correlation matrix of the fit parameters:
                a      b      
a               1.000 
b              -0.699  1.000 


*******************************************************************************
Mon Nov 30 17:46:12 2020


FIT:    data read from "cpu_times.txt" u 1:3
        format = x:z
        #datapoints = 39
        residuals are weighted equally (unit weight)

function used for fitting: f(x)
	f(x) = a + exp(b**x)
fitted parameters initialized with current variable values

iter      chisq       delta/lim  lambda   a             b            
   0 4.4342462066e+04   0.00e+00  4.72e+01    1.000000e+00   1.000000e+00
  25 4.3290722447e+04   0.00e+00  4.72e+07    1.732595e+00   1.022827e+00

After 25 iterations the fit converged.
final sum of squares of residuals : 43290.7
rel. change during last iteration : 0

degrees of freedom    (FIT_NDF)                        : 37
rms of residuals      (FIT_STDFIT) = sqrt(WSSR/ndf)    : 34.2055
variance of residuals (reduced chisquare) = WSSR/ndf   : 1170.02

Final set of parameters            Asymptotic Standard Error
=======================            ==========================
a               = 1.73259          +/- 7.486        (432.1%)
b               = 1.02283          +/- 0.01666      (1.629%)

correlation matrix of the fit parameters:
                a      b      
a               1.000 
b              -0.682  1.000 


*******************************************************************************
Mon Nov 30 17:46:28 2020


FIT:    data read from "cpu_times.txt" u 1:3
        format = x:z
        #datapoints = 39
        residuals are weighted equally (unit weight)

function used for fitting: f(x)
	f(x) = a + exp(b**x)
fitted parameters initialized with current variable values

iter      chisq       delta/lim  lambda   a             b            
   0 4.4342462066e+04   0.00e+00  4.72e+01    1.000000e+00   1.000000e+00
  25 4.3290722447e+04   0.00e+00  4.72e+07    1.732595e+00   1.022827e+00

After 25 iterations the fit converged.
final sum of squares of residuals : 43290.7
rel. change during last iteration : 0

degrees of freedom    (FIT_NDF)                        : 37
rms of residuals      (FIT_STDFIT) = sqrt(WSSR/ndf)    : 34.2055
variance of residuals (reduced chisquare) = WSSR/ndf   : 1170.02

Final set of parameters            Asymptotic Standard Error
=======================            ==========================
a               = 1.73259          +/- 7.486        (432.1%)
b               = 1.02283          +/- 0.01666      (1.629%)

correlation matrix of the fit parameters:
                a      b      
a               1.000 
b              -0.682  1.000 


*******************************************************************************
Mon Nov 30 17:46:40 2020


FIT:    data read from "cpu_times.txt" u 1:3
        format = x:z
        #datapoints = 39
        residuals are weighted equally (unit weight)

function used for fitting: f(x)
	f(x) = a + b**x
fitted parameters initialized with current variable values

iter      chisq       delta/lim  lambda   a             b            
   0 4.4961872940e+04   0.00e+00  1.71e+01    1.000000e+00   1.000000e+00
  18 4.3219897000e+04  -2.21e-01  1.71e-02    2.880151e+00   1.063645e+00

After 18 iterations the fit converged.
final sum of squares of residuals : 43219.9
rel. change during last iteration : -2.21345e-06

degrees of freedom    (FIT_NDF)                        : 37
rms of residuals      (FIT_STDFIT) = sqrt(WSSR/ndf)    : 34.1776
variance of residuals (reduced chisquare) = WSSR/ndf   : 1168.11

Final set of parameters            Asymptotic Standard Error
=======================            ==========================
a               = 2.88015          +/- 7.649        (265.6%)
b               = 1.06364          +/- 0.04321      (4.063%)

correlation matrix of the fit parameters:
                a      b      
a               1.000 
b              -0.699  1.000 


*******************************************************************************
Mon Nov 30 17:47:03 2020


FIT:    data read from "cpu_times.txt" u 1:3
        format = x:z
        #datapoints = 39
        residuals are weighted equally (unit weight)

function used for fitting: f(x)
	f(x) = b**(a*x)
fitted parameters initialized with current variable values

iter      chisq       delta/lim  lambda   a             b            
   0 4.5428368632e+04   0.00e+00  1.71e+01    1.000000e+00   1.000000e+00
  17 4.3407242258e+04   0.00e+00  1.71e+07    1.095481e+00   1.065737e+00

After 17 iterations the fit converged.
final sum of squares of residuals : 43407.2
rel. change during last iteration : 0

degrees of freedom    (FIT_NDF)                        : 37
rms of residuals      (FIT_STDFIT) = sqrt(WSSR/ndf)    : 34.2516
variance of residuals (reduced chisquare) = WSSR/ndf   : 1173.17

Final set of parameters            Asymptotic Standard Error
=======================            ==========================
a               = 1.09548          +/- 148.9        (1.359e+04%)
b               = 1.06574          +/- 9.057        (849.8%)

correlation matrix of the fit parameters:
                a      b      
a               1.000 
b              -1.000  1.000 
