

*******************************************************************************
Mon Nov  2 17:35:54 2020


FIT:    data read from filename using 1:2
        format = x:z
        #datapoints = 50
        residuals are weighted equally (unit weight)

function used for fitting: f(x)
	f(x)= a*x**b
fitted parameters initialized with current variable values

iter      chisq       delta/lim  lambda   a             b            
   0 8.8474388105e+04   0.00e+00  8.73e+02    1.000000e-09   3.000000e+00
  82 5.8467397441e+00  -7.85e-01  8.73e-01    2.317420e-10   2.932275e+00

After 82 iterations the fit converged.
final sum of squares of residuals : 5.84674
rel. change during last iteration : -7.85466e-06

degrees of freedom    (FIT_NDF)                        : 48
rms of residuals      (FIT_STDFIT) = sqrt(WSSR/ndf)    : 0.349009
variance of residuals (reduced chisquare) = WSSR/ndf   : 0.121807

Final set of parameters            Asymptotic Standard Error
=======================            ==========================
a               = 2.31742e-10      +/- 1.023e-10    (44.15%)
b               = 2.93227          +/- 0.05203      (1.774%)

correlation matrix of the fit parameters:
                a      b      
a               1.000 
b              -1.000  1.000 
