

*******************************************************************************
Mon Nov  2 17:35:54 2020


FIT:    data read from filename using 1:2
        format = x:z
        #datapoints = 50
        residuals are weighted equally (unit weight)

function used for fitting: f(x)
	f(x)= a*x**b
fitted parameters initialized with current variable values

iter      chisq       delta/lim  lambda   a             b            
   0 3.0297932676e+06   0.00e+00  8.73e+02    1.000000e-09   3.000000e+00
 878 8.1958859153e+02  -4.33e-01  8.73e+01    8.032031e-12   3.789239e+00

After 878 iterations the fit converged.
final sum of squares of residuals : 819.589
rel. change during last iteration : -4.33147e-06

degrees of freedom    (FIT_NDF)                        : 48
rms of residuals      (FIT_STDFIT) = sqrt(WSSR/ndf)    : 4.13216
variance of residuals (reduced chisquare) = WSSR/ndf   : 17.0748

Final set of parameters            Asymptotic Standard Error
=======================            ==========================
a               = 8.03203e-12      +/- 1.135e-12    (14.13%)
b               = 3.78924          +/- 0.01654      (0.4364%)

correlation matrix of the fit parameters:
                a      b      
a               1.000 
b              -1.000  1.000 
