

*******************************************************************************
Tue Oct 27 18:25:03 2020


FIT:    data read from filename using 1:2
        format = x:z
        #datapoints = 50
        residuals are weighted equally (unit weight)

function used for fitting: f(x)
	f(x) = a + b*x + c*x**2 + d*x**3
fitted parameters initialized with current variable values

iter      chisq       delta/lim  lambda   a             b             c             d            
   0 1.4385762458e+19   0.00e+00  2.68e+08    1.000000e+00   1.000000e+00   1.000000e+00   1.000000e+00
  13 2.1976891608e-02  -1.09e-04  2.68e-05    8.788514e-01  -3.950289e-03   5.634475e-06  -1.835764e-09

After 13 iterations the fit converged.
final sum of squares of residuals : 0.0219769
rel. change during last iteration : -1.09196e-09

degrees of freedom    (FIT_NDF)                        : 46
rms of residuals      (FIT_STDFIT) = sqrt(WSSR/ndf)    : 0.0218577
variance of residuals (reduced chisquare) = WSSR/ndf   : 0.000477759

Final set of parameters            Asymptotic Standard Error
=======================            ==========================
a               = 0.878851         +/- 0.4926       (56.05%)
b               = -0.00395029      +/- 0.00205      (51.9%)
c               = 5.63448e-06      +/- 2.785e-06    (49.42%)
d               = -1.83576e-09     +/- 1.236e-09    (67.34%)

correlation matrix of the fit parameters:
                a      b      c      d      
a               1.000 
b              -0.998  1.000 
c               0.992 -0.998  1.000 
d              -0.984  0.993 -0.998  1.000 


*******************************************************************************
Tue Oct 27 18:26:27 2020


FIT:    data read from filename using 1:2
        format = x:z
        #datapoints = 50
        residuals are weighted equally (unit weight)

function used for fitting: f(x)
	f(x) = a + b*x + c*x**2 + d*x**3
fitted parameters initialized with current variable values

iter      chisq       delta/lim  lambda   a             b             c             d            
   0 1.4385762458e+19   0.00e+00  2.68e+08    1.000000e+00   1.000000e+00   1.000000e+00   1.000000e+00
  13 2.1976891608e-02  -1.09e-04  2.68e-05    8.788514e-01  -3.950289e-03   5.634475e-06  -1.835764e-09

After 13 iterations the fit converged.
final sum of squares of residuals : 0.0219769
rel. change during last iteration : -1.09196e-09

degrees of freedom    (FIT_NDF)                        : 46
rms of residuals      (FIT_STDFIT) = sqrt(WSSR/ndf)    : 0.0218577
variance of residuals (reduced chisquare) = WSSR/ndf   : 0.000477759

Final set of parameters            Asymptotic Standard Error
=======================            ==========================
a               = 0.878851         +/- 0.4926       (56.05%)
b               = -0.00395029      +/- 0.00205      (51.9%)
c               = 5.63448e-06      +/- 2.785e-06    (49.42%)
d               = -1.83576e-09     +/- 1.236e-09    (67.34%)

correlation matrix of the fit parameters:
                a      b      c      d      
a               1.000 
b              -0.998  1.000 
c               0.992 -0.998  1.000 
d              -0.984  0.993 -0.998  1.000 


*******************************************************************************
Tue Oct 27 19:24:16 2020


FIT:    data read from filename using 1:2
        format = x:z
        #datapoints = 50
        residuals are weighted equally (unit weight)

function used for fitting: f(x)
	f(x) = a + b*x + c*x**2 + d*x**3
fitted parameters initialized with current variable values

iter      chisq       delta/lim  lambda   a             b             c             d            
   0 1.4385762458e+19   0.00e+00  2.68e+08    1.000000e+00   1.000000e+00   1.000000e+00   1.000000e+00
  13 2.1976891608e-02  -1.09e-04  2.68e-05    8.788514e-01  -3.950289e-03   5.634475e-06  -1.835764e-09

After 13 iterations the fit converged.
final sum of squares of residuals : 0.0219769
rel. change during last iteration : -1.09196e-09

degrees of freedom    (FIT_NDF)                        : 46
rms of residuals      (FIT_STDFIT) = sqrt(WSSR/ndf)    : 0.0218577
variance of residuals (reduced chisquare) = WSSR/ndf   : 0.000477759

Final set of parameters            Asymptotic Standard Error
=======================            ==========================
a               = 0.878851         +/- 0.4926       (56.05%)
b               = -0.00395029      +/- 0.00205      (51.9%)
c               = 5.63448e-06      +/- 2.785e-06    (49.42%)
d               = -1.83576e-09     +/- 1.236e-09    (67.34%)

correlation matrix of the fit parameters:
                a      b      c      d      
a               1.000 
b              -0.998  1.000 
c               0.992 -0.998  1.000 
d              -0.984  0.993 -0.998  1.000 
